2017/06/29 16:31:55 debug.go:20: 不知道这次能坚持几秒...
2017/06/29 16:31:59 main.go:25: in receive
2017/06/29 16:31:59 main.go:37: map[msgptr:0 round:0 uid:100007 opt:connect connect:on]
2017/06/29 16:32:00 main.go:40: map[opt:create config:map[roundnum:one mode:normal turning:rotated] uid:100007 kind:niuniu]
2017/06/29 16:32:00 main.go:46: receive default map[uid:100007 opt:enter]
2017/06/29 16:32:00 player.go:195: player.send() map[opt:seat data:map[dealer:0 0:map[uid:100007 name:你表妹 chips:0 score:1000 status:waiting idx:0]]]
2017/06/29 16:32:04 main.go:25: in receive
2017/06/29 16:32:04 main.go:37: map[round:0 uid:100001 opt:connect connect:on msgptr:0]
2017/06/29 16:32:06 main.go:43: map[roomnum:798081 uid:100001 kind:niuniu opt:access]
2017/06/29 16:32:07 main.go:46: receive default map[uid:100001 opt:enter]
2017/06/29 16:32:07 player.go:195: player.send() map[opt:enter data:map[chips:0 score:1000 status:waiting idx:1 uid:100001 name:夜店佳]]
2017/06/29 16:32:07 player.go:195: player.send() map[opt:seat data:map[dealer:0 0:map[uid:100007 name:你表妹 chips:0 score:1000 status:waiting idx:0] 1:map[name:夜店佳 chips:0 score:1000 status:waiting idx:1 uid:100001]]]
2017/06/29 16:32:09 main.go:46: receive default map[uid:100001 opt:ready]
2017/06/29 16:32:09 player.go:195: player.send() map[opt:ready data:map[idx:1]]
2017/06/29 16:32:09 player.go:195: player.send() map[opt:ready data:map[idx:1]]
2017/06/29 16:32:10 main.go:46: receive default map[uid:100007 opt:ready]
2017/06/29 16:32:10 player.go:195: player.send() map[opt:ready data:map[idx:0]]
2017/06/29 16:32:10 player.go:195: player.send() map[opt:ready data:map[idx:0]]
2017/06/29 16:32:10 player.go:205: 100007 0 map[data:map[dealer:1 round:1 blind:100 seats:map[1:map[chips:50 score:950 status:active idx:1 uid:100001 name:夜店佳] 0:map[uid:100007 name:你表妹 chips:100 score:900 status:active idx:0]]] opt:start]
2017/06/29 16:32:10 player.go:205: 100001 1 map[opt:start data:map[seats:map[0:map[name:你表妹 chips:100 score:900 status:active idx:0 uid:100007] 1:map[score:950 status:active idx:1 uid:100001 name:夜店佳 chips:50]] dealer:1 round:1 blind:100]]
2017/06/29 16:32:10 player.go:205: 100001 1 map[opt:handcards data:map[1:map[cls:club idx:9] 2:map[cls:spade idx:8]]]
2017/06/29 16:32:10 player.go:205: 100007 0 map[opt:handcards data:map[1:map[idx:10 cls:heart] 2:map[cls:diamond idx:4]]]
2017/06/29 16:32:10 player.go:205: 100001 1 map[opt:rank data:map[rank:high]]
2017/06/29 16:32:10 player.go:205: 100007 0 map[opt:rank data:map[rank:high]]
2017/06/29 16:32:10 player.go:205: 100007 0 map[opt:present data:map[idx:1]]
2017/06/29 16:32:10 player.go:205: 100001 1 map[opt:present data:map[idx:1]]
2017/06/29 16:32:10 player.go:205: 100001 1 map[opt:choose data:map[max:950 pot:0 num:50 1:fold 2:call 3:raise min:100]]
2017/06/29 16:32:12 main.go:46: receive default map[uid:100001 data:map[num:50 action:call] opt:bet]
2017/06/29 16:32:12 battle.go:509: in call, crt is 0
2017/06/29 16:32:12 player.go:205: 100007 0 map[opt:bet data:map[idx:1 action:call chips:150 score:850]]
2017/06/29 16:32:12 player.go:205: 100001 1 map[opt:bet data:map[idx:1 action:call chips:150 score:850]]
2017/06/29 16:32:12 player.go:205: 100007 0 map[opt:present data:map[idx:0]]
2017/06/29 16:32:12 player.go:205: 100001 1 map[opt:present data:map[idx:0]]
2017/06/29 16:32:12 player.go:205: 100007 0 map[opt:choose data:map[1:fold 2:check 3:raise min:100 max:900 pot:0 num:0]]
2017/06/29 16:32:14 main.go:46: receive default map[uid:100007 data:map[num:0 action:check] opt:bet]
2017/06/29 16:32:14 player.go:205: 100007 0 map[opt:bet data:map[idx:0 action:check chips:100 score:900]]
2017/06/29 16:32:14 player.go:205: 100001 1 map[opt:bet data:map[idx:0 action:check chips:100 score:900]]
2017/06/29 16:32:14 player.go:205: 100007 0 map[opt:betend data:map[pot:250 score:map[1:850 0:900]]]
2017/06/29 16:32:14 player.go:205: 100001 1 map[data:map[pot:250 score:map[1:850 0:900]] opt:betend]
2017/06/29 16:32:14 battle.go:335: betround return  0
2017/06/29 16:32:14 player.go:205: 100007 0 map[opt:board data:map[1:map[cls:heart idx:7] 2:map[cls:spade idx:5] 3:map[cls:club idx:1]]]
2017/06/29 16:32:14 player.go:205: 100001 1 map[opt:board data:map[1:map[cls:heart idx:7] 2:map[cls:spade idx:5] 3:map[cls:club idx:1]]]
2017/06/29 16:32:14 player.go:205: 100001 1 map[opt:rank data:map[rank:high]]
2017/06/29 16:32:14 player.go:205: 100007 0 map[opt:rank data:map[rank:high]]
2017/06/29 16:32:14 player.go:205: 100007 0 map[opt:present data:map[idx:0]]
2017/06/29 16:32:14 player.go:205: 100001 1 map[opt:present data:map[idx:0]]
2017/06/29 16:32:14 player.go:205: 100007 0 map[opt:choose data:map[num:0 1:fold 2:check 3:raise min:100 max:900 pot:250]]
2017/06/29 16:32:29 ws.go:73: Receive()  read tcp 192.168.1.105:8000->192.168.1.105:51425: wsarecv: An existing connection was forcibly closed by the remote host.
2017/06/29 16:32:29 ws.go:139: connection closed...
2017/06/29 16:32:30 ws.go:73: Receive()  read tcp 192.168.1.105:8000->192.168.1.105:51428: wsarecv: An existing connection was forcibly closed by the remote host.
2017/06/29 16:32:30 ws.go:139: connection closed...
